
 /----------------------------------------------------------------------------\
 |  yosys -- Yosys Open SYnthesis Suite                                       |
 |  Copyright (C) 2012 - 2024  Claire Xenia Wolf <claire@yosyshq.com>         |
 |  Distributed under an ISC-like license, type "license" to see terms        |
 \----------------------------------------------------------------------------/
 Yosys 0.47+121 (git sha1 98b4affc4, clang++ 18.1.8 -fPIC -O3)

-- Running command `
read_verilog /home/runner/work/semicolab-ip-tile-precheck/semicolab-ip-tile-precheck/src/shift_reg_tile.v
hierarchy -check -top shift_reg_tile
synth
check
stat
' --

1. Executing Verilog-2005 frontend: /home/runner/work/semicolab-ip-tile-precheck/semicolab-ip-tile-precheck/src/shift_reg_tile.v
Parsing Verilog input from `/home/runner/work/semicolab-ip-tile-precheck/semicolab-ip-tile-precheck/src/shift_reg_tile.v' to AST representation.
Generating RTLIL representation for module `\shift_reg_tile'.
Successfully finished Verilog frontend.

2. Executing HIERARCHY pass (managing design hierarchy).

2.1. Analyzing design hierarchy..
Top module:  \shift_reg_tile

2.2. Analyzing design hierarchy..
Top module:  \shift_reg_tile
Removed 0 unused modules.

3. Executing SYNTH pass.

3.1. Executing HIERARCHY pass (managing design hierarchy).

3.1.1. Analyzing design hierarchy..
Top module:  \shift_reg_tile

3.1.2. Analyzing design hierarchy..
Top module:  \shift_reg_tile
Removed 0 unused modules.

3.2. Executing PROC pass (convert processes to netlists).

3.2.1. Executing PROC_CLEAN pass (remove empty switches from decision trees).
Cleaned up 0 empty switches.

3.2.2. Executing PROC_RMDEAD pass (remove dead branches from decision trees).
Marked 2 switch rules as full_case in process $proc$/home/runner/work/semicolab-ip-tile-precheck/semicolab-ip-tile-precheck/src/shift_reg_tile.v:25$1 in module shift_reg_tile.
Removed a total of 0 dead cases.

3.2.3. Executing PROC_PRUNE pass (remove redundant assignments in processes).
Removed 0 redundant assignments.
Promoted 0 assignments to connections.

3.2.4. Executing PROC_INIT pass (extract init attributes).

3.2.5. Executing PROC_ARST pass (detect async resets in processes).
Found async reset \arst_n in `\shift_reg_tile.$proc$/home/runner/work/semicolab-ip-tile-precheck/semicolab-ip-tile-precheck/src/shift_reg_tile.v:25$1'.

3.2.6. Executing PROC_ROM pass (convert switches to ROMs).
Converted 0 switches.
<suppressed ~2 debug messages>

3.2.7. Executing PROC_MUX pass (convert decision trees to multiplexers).
Creating decoders for process `\shift_reg_tile.$proc$/home/runner/work/semicolab-ip-tile-precheck/semicolab-ip-tile-precheck/src/shift_reg_tile.v:25$1'.
     1/1: $0\data_reg_c[31:0]

3.2.8. Executing PROC_DLATCH pass (convert process syncs to latches).

3.2.9. Executing PROC_DFF pass (convert process syncs to FFs).
Creating register for signal `\shift_reg_tile.\data_reg_c' using process `\shift_reg_tile.$proc$/home/runner/work/semicolab-ip-tile-precheck/semicolab-ip-tile-precheck/src/shift_reg_tile.v:25$1'.
  created $adff cell `$procdff$13' with positive edge clock and positive level reset.

3.2.10. Executing PROC_MEMWR pass (convert process memory writes to cells).

3.2.11. Executing PROC_CLEAN pass (remove empty switches from decision trees).
Found and cleaned up 2 empty switches in `\shift_reg_tile.$proc$/home/runner/work/semicolab-ip-tile-precheck/semicolab-ip-tile-precheck/src/shift_reg_tile.v:25$1'.
Removing empty process `shift_reg_tile.$proc$/home/runner/work/semicolab-ip-tile-precheck/semicolab-ip-tile-precheck/src/shift_reg_tile.v:25$1'.
Cleaned up 2 empty switches.

3.2.12. Executing OPT_EXPR pass (perform const folding).
Optimizing module shift_reg_tile.
<suppressed ~2 debug messages>

3.3. Executing OPT_EXPR pass (perform const folding).
Optimizing module shift_reg_tile.

3.4. Executing OPT_CLEAN pass (remove unused cells and wires).
Finding unused cells or wires in module \shift_reg_tile..
Removed 2 unused cells and 6 unused wires.
<suppressed ~3 debug messages>

3.5. Executing CHECK pass (checking for obvious problems).
Checking module shift_reg_tile...
Found and reported 0 problems.

3.6. Executing OPT pass (performing simple optimizations).

3.6.1. Executing OPT_EXPR pass (perform const folding).
Optimizing module shift_reg_tile.

3.6.2. Executing OPT_MERGE pass (detect identical cells).
Finding identical cells in module `\shift_reg_tile'.
Removed a total of 0 cells.

3.6.3. Executing OPT_MUXTREE pass (detect dead branches in mux trees).
Running muxtree optimizer on module \shift_reg_tile..
  Creating internal representation of mux trees.
  Evaluating internal representation of mux trees.
  Analyzing evaluation results.
Removed 0 multiplexer ports.
<suppressed ~1 debug messages>

3.6.4. Executing OPT_REDUCE pass (consolidate $*mux and $reduce_* inputs).
  Optimizing cells in module \shift_reg_tile.
Performed a total of 0 changes.

3.6.5. Executing OPT_MERGE pass (detect identical cells).
Finding identical cells in module `\shift_reg_tile'.
Removed a total of 0 cells.

3.6.6. Executing OPT_DFF pass (perform DFF optimizations).

3.6.7. Executing OPT_CLEAN pass (remove unused cells and wires).
Finding unused cells or wires in module \shift_reg_tile..

3.6.8. Executing OPT_EXPR pass (perform const folding).
Optimizing module shift_reg_tile.

3.6.9. Finished OPT passes. (There is nothing left to do.)

3.7. Executing FSM pass (extract and optimize FSM).

3.7.1. Executing FSM_DETECT pass (finding FSMs in design).

3.7.2. Executing FSM_EXTRACT pass (extracting FSM from design).

3.7.3. Executing FSM_OPT pass (simple optimizations of FSMs).

3.7.4. Executing OPT_CLEAN pass (remove unused cells and wires).
Finding unused cells or wires in module \shift_reg_tile..

3.7.5. Executing FSM_OPT pass (simple optimizations of FSMs).

3.7.6. Executing FSM_RECODE pass (re-assigning FSM state encoding).

3.7.7. Executing FSM_INFO pass (dumping all available information on FSM cells).

3.7.8. Executing FSM_MAP pass (mapping FSMs to basic logic).

3.8. Executing OPT pass (performing simple optimizations).

3.8.1. Executing OPT_EXPR pass (perform const folding).
Optimizing module shift_reg_tile.

3.8.2. Executing OPT_MERGE pass (detect identical cells).
Finding identical cells in module `\shift_reg_tile'.
Removed a total of 0 cells.

3.8.3. Executing OPT_MUXTREE pass (detect dead branches in mux trees).
Running muxtree optimizer on module \shift_reg_tile..
  Creating internal representation of mux trees.
  Evaluating internal representation of mux trees.
  Analyzing evaluation results.
Removed 0 multiplexer ports.
<suppressed ~1 debug messages>

3.8.4. Executing OPT_REDUCE pass (consolidate $*mux and $reduce_* inputs).
  Optimizing cells in module \shift_reg_tile.
Performed a total of 0 changes.

3.8.5. Executing OPT_MERGE pass (detect identical cells).
Finding identical cells in module `\shift_reg_tile'.
Removed a total of 0 cells.

3.8.6. Executing OPT_DFF pass (perform DFF optimizations).
Adding EN signal on $procdff$13 ($adff) from module shift_reg_tile (D = $0\data_reg_c[31:0], Q = \data_reg_c).

3.8.7. Executing OPT_CLEAN pass (remove unused cells and wires).
Finding unused cells or wires in module \shift_reg_tile..

3.8.8. Executing OPT_EXPR pass (perform const folding).
Optimizing module shift_reg_tile.
<suppressed ~1 debug messages>

3.8.9. Rerunning OPT passes. (Maybe there is more to do..)

3.8.10. Executing OPT_MUXTREE pass (detect dead branches in mux trees).
Running muxtree optimizer on module \shift_reg_tile..
  Creating internal representation of mux trees.
  Evaluating internal representation of mux trees.
  Analyzing evaluation results.
Removed 0 multiplexer ports.
<suppressed ~1 debug messages>

3.8.11. Executing OPT_REDUCE pass (consolidate $*mux and $reduce_* inputs).
  Optimizing cells in module \shift_reg_tile.
Performed a total of 0 changes.

3.8.12. Executing OPT_MERGE pass (detect identical cells).
Finding identical cells in module `\shift_reg_tile'.
Removed a total of 0 cells.

3.8.13. Executing OPT_DFF pass (perform DFF optimizations).

3.8.14. Executing OPT_CLEAN pass (remove unused cells and wires).
Finding unused cells or wires in module \shift_reg_tile..

3.8.15. Executing OPT_EXPR pass (perform const folding).
Optimizing module shift_reg_tile.

3.8.16. Finished OPT passes. (There is nothing left to do.)

3.9. Executing WREDUCE pass (reducing word size of cells).

3.10. Executing PEEPOPT pass (run peephole optimizers).

3.11. Executing OPT_CLEAN pass (remove unused cells and wires).
Finding unused cells or wires in module \shift_reg_tile..

3.12. Executing ALUMACC pass (create $alu and $macc cells).
Extracting $alu and $macc cells in module shift_reg_tile:
  created 0 $alu and 0 $macc cells.

3.13. Executing SHARE pass (SAT-based resource sharing).

3.14. Executing OPT pass (performing simple optimizations).

3.14.1. Executing OPT_EXPR pass (perform const folding).
Optimizing module shift_reg_tile.

3.14.2. Executing OPT_MERGE pass (detect identical cells).
Finding identical cells in module `\shift_reg_tile'.
Removed a total of 0 cells.

3.14.3. Executing OPT_MUXTREE pass (detect dead branches in mux trees).
Running muxtree optimizer on module \shift_reg_tile..
  Creating internal representation of mux trees.
  Evaluating internal representation of mux trees.
  Analyzing evaluation results.
Removed 0 multiplexer ports.
<suppressed ~1 debug messages>

3.14.4. Executing OPT_REDUCE pass (consolidate $*mux and $reduce_* inputs).
  Optimizing cells in module \shift_reg_tile.
Performed a total of 0 changes.

3.14.5. Executing OPT_MERGE pass (detect identical cells).
Finding identical cells in module `\shift_reg_tile'.
Removed a total of 0 cells.

3.14.6. Executing OPT_DFF pass (perform DFF optimizations).

3.14.7. Executing OPT_CLEAN pass (remove unused cells and wires).
Finding unused cells or wires in module \shift_reg_tile..

3.14.8. Executing OPT_EXPR pass (perform const folding).
Optimizing module shift_reg_tile.

3.14.9. Finished OPT passes. (There is nothing left to do.)

3.15. Executing MEMORY pass.

3.15.1. Executing OPT_MEM pass (optimize memories).
Performed a total of 0 transformations.

3.15.2. Executing OPT_MEM_PRIORITY pass (removing unnecessary memory write priority relations).
Performed a total of 0 transformations.

3.15.3. Executing OPT_MEM_FEEDBACK pass (finding memory read-to-write feedback paths).

3.15.4. Executing MEMORY_BMUX2ROM pass (converting muxes to ROMs).

3.15.5. Executing MEMORY_DFF pass (merging $dff cells to $memrd).

3.15.6. Executing OPT_CLEAN pass (remove unused cells and wires).
Finding unused cells or wires in module \shift_reg_tile..

3.15.7. Executing MEMORY_SHARE pass (consolidating $memrd/$memwr cells).

3.15.8. Executing OPT_MEM_WIDEN pass (optimize memories where all ports are wide).
Performed a total of 0 transformations.

3.15.9. Executing OPT_CLEAN pass (remove unused cells and wires).
Finding unused cells or wires in module \shift_reg_tile..

3.15.10. Executing MEMORY_COLLECT pass (generating $mem cells).

3.16. Executing OPT_CLEAN pass (remove unused cells and wires).
Finding unused cells or wires in module \shift_reg_tile..

3.17. Executing OPT pass (performing simple optimizations).

3.17.1. Executing OPT_EXPR pass (perform const folding).
Optimizing module shift_reg_tile.
<suppressed ~1 debug messages>

3.17.2. Executing OPT_MERGE pass (detect identical cells).
Finding identical cells in module `\shift_reg_tile'.
Removed a total of 0 cells.

3.17.3. Executing OPT_DFF pass (perform DFF optimizations).

3.17.4. Executing OPT_CLEAN pass (remove unused cells and wires).
Finding unused cells or wires in module \shift_reg_tile..
Removed 0 unused cells and 1 unused wires.
<suppressed ~1 debug messages>

3.17.5. Finished fast OPT passes.

3.18. Executing MEMORY_MAP pass (converting memories to logic and flip-flops).

3.19. Executing OPT pass (performing simple optimizations).

3.19.1. Executing OPT_EXPR pass (perform const folding).
Optimizing module shift_reg_tile.

3.19.2. Executing OPT_MERGE pass (detect identical cells).
Finding identical cells in module `\shift_reg_tile'.
Removed a total of 0 cells.

3.19.3. Executing OPT_MUXTREE pass (detect dead branches in mux trees).
Running muxtree optimizer on module \shift_reg_tile..
  Creating internal representation of mux trees.
  Evaluating internal representation of mux trees.
  Analyzing evaluation results.
Removed 0 multiplexer ports.
<suppressed ~1 debug messages>

3.19.4. Executing OPT_REDUCE pass (consolidate $*mux and $reduce_* inputs).
  Optimizing cells in module \shift_reg_tile.
Performed a total of 0 changes.

3.19.5. Executing OPT_MERGE pass (detect identical cells).
Finding identical cells in module `\shift_reg_tile'.
Removed a total of 0 cells.

3.19.6. Executing OPT_SHARE pass.

3.19.7. Executing OPT_DFF pass (perform DFF optimizations).

3.19.8. Executing OPT_CLEAN pass (remove unused cells and wires).
Finding unused cells or wires in module \shift_reg_tile..

3.19.9. Executing OPT_EXPR pass (perform const folding).
Optimizing module shift_reg_tile.

3.19.10. Finished OPT passes. (There is nothing left to do.)

3.20. Executing TECHMAP pass (map to technology primitives).

3.20.1. Executing Verilog-2005 frontend: /home/runner/work/semicolab-ip-tile-precheck/semicolab-ip-tile-precheck/oss-cad-suite/lib/../share/yosys/techmap.v
Parsing Verilog input from `/home/runner/work/semicolab-ip-tile-precheck/semicolab-ip-tile-precheck/oss-cad-suite/lib/../share/yosys/techmap.v' to AST representation.
Generating RTLIL representation for module `\_90_simplemap_bool_ops'.
Generating RTLIL representation for module `\_90_simplemap_reduce_ops'.
Generating RTLIL representation for module `\_90_simplemap_logic_ops'.
Generating RTLIL representation for module `\_90_simplemap_compare_ops'.
Generating RTLIL representation for module `\_90_simplemap_various'.
Generating RTLIL representation for module `\_90_simplemap_registers'.
Generating RTLIL representation for module `\_90_shift_ops_shr_shl_sshl_sshr'.
Generating RTLIL representation for module `\_90_shift_shiftx'.
Generating RTLIL representation for module `\_90_fa'.
Generating RTLIL representation for module `\_90_lcu_brent_kung'.
Generating RTLIL representation for module `\_90_alu'.
Generating RTLIL representation for module `\_90_macc'.
Generating RTLIL representation for module `\_90_alumacc'.
Generating RTLIL representation for module `\$__div_mod_u'.
Generating RTLIL representation for module `\$__div_mod_trunc'.
Generating RTLIL representation for module `\_90_div'.
Generating RTLIL representation for module `\_90_mod'.
Generating RTLIL representation for module `\$__div_mod_floor'.
Generating RTLIL representation for module `\_90_divfloor'.
Generating RTLIL representation for module `\_90_modfloor'.
Generating RTLIL representation for module `\_90_pow'.
Generating RTLIL representation for module `\_90_pmux'.
Generating RTLIL representation for module `\_90_demux'.
Generating RTLIL representation for module `\_90_lut'.
Successfully finished Verilog frontend.

3.20.2. Continuing TECHMAP pass.
Using template $paramod$constmap:4621fcf06a436d1e2a4080e2ed9866a7d07a6e07$paramod$feecc7a0dbd012970970f2858f15e786e251f677\_90_shift_ops_shr_shl_sshl_sshr for cells of type $shr.
Using extmapper simplemap for cells of type $reduce_bool.
Using extmapper simplemap for cells of type $adffe.
No more expansions possible.
<suppressed ~538 debug messages>

3.21. Executing OPT pass (performing simple optimizations).

3.21.1. Executing OPT_EXPR pass (perform const folding).
Optimizing module shift_reg_tile.

3.21.2. Executing OPT_MERGE pass (detect identical cells).
Finding identical cells in module `\shift_reg_tile'.
Removed a total of 0 cells.

3.21.3. Executing OPT_DFF pass (perform DFF optimizations).
Adding EN signal on $auto$ff.cc:266:slice$656 ($_DFFE_PN0P_) from module shift_reg_tile (D = $0\data_reg_c[31:0] [0], Q = \data_reg_c [0]).
Adding EN signal on $auto$ff.cc:266:slice$657 ($_DFFE_PN0P_) from module shift_reg_tile (D = $0\data_reg_c[31:0] [1], Q = \data_reg_c [1]).

3.21.4. Executing OPT_CLEAN pass (remove unused cells and wires).
Finding unused cells or wires in module \shift_reg_tile..
Removed 0 unused cells and 10 unused wires.
<suppressed ~1 debug messages>

3.21.5. Rerunning OPT passes. (Removed registers in this run.)

3.21.6. Executing OPT_EXPR pass (perform const folding).
Optimizing module shift_reg_tile.
<suppressed ~12 debug messages>

3.21.7. Executing OPT_MERGE pass (detect identical cells).
Finding identical cells in module `\shift_reg_tile'.
<suppressed ~18 debug messages>
Removed a total of 6 cells.

3.21.8. Executing OPT_DFF pass (perform DFF optimizations).

3.21.9. Executing OPT_CLEAN pass (remove unused cells and wires).
Finding unused cells or wires in module \shift_reg_tile..
Removed 0 unused cells and 6 unused wires.
<suppressed ~1 debug messages>

3.21.10. Finished fast OPT passes.

3.22. Executing ABC pass (technology mapping using ABC).

3.22.1. Extracting gate netlist of module `\shift_reg_tile' to `<abc-temp-dir>/input.blif'..
Replacing 2 occurrences of constant undef bits with constant zero bits
Extracted 199 gates and 271 wires to a netlist network with 70 inputs and 34 outputs.

3.22.1.1. Executing ABC.
Running ABC command: "<yosys-exe-dir>/yosys-abc" -s -f <abc-temp-dir>/abc.script 2>&1
ABC: ABC command line: "source <abc-temp-dir>/abc.script".
ABC: 
ABC: + read_blif <abc-temp-dir>/input.blif 
ABC: + read_library <abc-temp-dir>/stdcells.genlib 
ABC: Entered genlib library with 13 gates from file "<abc-temp-dir>/stdcells.genlib".
ABC: + strash 
ABC: + dretime 
ABC: + map 
ABC: + write_blif <abc-temp-dir>/output.blif 

3.22.1.2. Re-integrating ABC results.
ABC RESULTS:               NOR cells:        1
ABC RESULTS:               NOT cells:        4
ABC RESULTS:               AND cells:        2
ABC RESULTS:             ORNOT cells:        1
ABC RESULTS:              NAND cells:        1
ABC RESULTS:                OR cells:        4
ABC RESULTS:            ANDNOT cells:       34
ABC RESULTS:               MUX cells:      159
ABC RESULTS:        internal signals:      167
ABC RESULTS:           input signals:       70
ABC RESULTS:          output signals:       34
Removing temp directory.

3.23. Executing OPT pass (performing simple optimizations).

3.23.1. Executing OPT_EXPR pass (perform const folding).
Optimizing module shift_reg_tile.
<suppressed ~98 debug messages>

3.23.2. Executing OPT_MERGE pass (detect identical cells).
Finding identical cells in module `\shift_reg_tile'.
Removed a total of 0 cells.

3.23.3. Executing OPT_DFF pass (perform DFF optimizations).

3.23.4. Executing OPT_CLEAN pass (remove unused cells and wires).
Finding unused cells or wires in module \shift_reg_tile..
Removed 2 unused cells and 115 unused wires.
<suppressed ~3 debug messages>

3.23.5. Finished fast OPT passes.

3.24. Executing HIERARCHY pass (managing design hierarchy).

3.24.1. Analyzing design hierarchy..
Top module:  \shift_reg_tile

3.24.2. Analyzing design hierarchy..
Top module:  \shift_reg_tile
Removed 0 unused modules.

3.25. Printing statistics.

=== shift_reg_tile ===

   Number of wires:                182
   Number of wire bits:            336
   Number of public wires:           9
   Number of public wire bits:     132
   Number of ports:                  9
   Number of port bits:            132
   Number of memories:               0
   Number of memory bits:            0
   Number of processes:              0
   Number of cells:                236
     $_ANDNOT_                      34
     $_AND_                          2
     $_DFFE_PN0P_                   32
     $_MUX_                        159
     $_NAND_                         1
     $_NOR_                          1
     $_NOT_                          2
     $_ORNOT_                        1
     $_OR_                           4

3.26. Executing CHECK pass (checking for obvious problems).
Checking module shift_reg_tile...
Found and reported 0 problems.

4. Executing CHECK pass (checking for obvious problems).
Checking module shift_reg_tile...
Found and reported 0 problems.

5. Printing statistics.

=== shift_reg_tile ===

   Number of wires:                182
   Number of wire bits:            336
   Number of public wires:           9
   Number of public wire bits:     132
   Number of ports:                  9
   Number of port bits:            132
   Number of memories:               0
   Number of memory bits:            0
   Number of processes:              0
   Number of cells:                236
     $_ANDNOT_                      34
     $_AND_                          2
     $_DFFE_PN0P_                   32
     $_MUX_                        159
     $_NAND_                         1
     $_NOR_                          1
     $_NOT_                          2
     $_ORNOT_                        1
     $_OR_                           4

End of script. Logfile hash: 618131997d, CPU: user 0.07s system 0.01s, MEM: 18.54 MB peak
Yosys 0.47+121 (git sha1 98b4affc4, clang++ 18.1.8 -fPIC -O3)
Time spent: 42% 1x abc (0 sec), 14% 17x opt_expr (0 sec), ...
